TRINITY_DN692_c0_g1_i1.p1	WSP06233.1	98.947	380	1	1	1	377	1	380	0.0	779
TRINITY_DN692_c0_g1_i1.p1	QKW91519.1	98.684	380	2	1	1	377	1	380	0.0	777
TRINITY_DN692_c0_g1_i1.p1	WSP06247.1	97.368	380	7	1	1	377	1	380	0.0	771
TRINITY_DN692_c0_g1_i1.p1	WSP06243.1	97.632	380	6	1	1	377	1	380	0.0	770
TRINITY_DN692_c0_g1_i1.p1	WSP06245.1	97.632	380	6	1	1	377	1	380	0.0	770
TRINITY_DN692_c0_g1_i1.p1	WSP06237.1	97.632	380	6	1	1	377	1	380	0.0	769
TRINITY_DN692_c0_g1_i1.p1	WSP06229.1	100.000	321	0	0	57	377	1	321	0.0	674
TRINITY_DN692_c0_g1_i1.p1	QPB44148.1	99.688	321	1	0	57	377	1	321	0.0	673
TRINITY_DN692_c0_g1_i1.p1	QJT73729.1	99.688	321	1	0	57	377	1	321	0.0	672
TRINITY_DN692_c0_g1_i1.p1	WSP06234.1	99.377	321	2	0	57	377	1	321	0.0	671
TRINITY_DN692_c0_g1_i1.p1	QXP49794.1	99.065	321	3	0	57	377	1	321	0.0	671
TRINITY_DN692_c0_g1_i1.p1	WSP06235.1	99.377	321	2	0	57	377	1	321	0.0	671
TRINITY_DN692_c0_g1_i1.p1	WSP06227.1	99.065	321	3	0	57	377	1	321	0.0	670
TRINITY_DN692_c0_g1_i1.p1	WSP06225.1	99.065	321	3	0	57	377	1	321	0.0	669
TRINITY_DN692_c0_g1_i1.p1	WSP06246.1	98.754	321	4	0	57	377	1	321	0.0	669
TRINITY_DN692_c0_g1_i1.p1	WSP06242.1	98.442	321	5	0	57	377	1	321	0.0	665
TRINITY_DN692_c0_g1_i1.p1	WSP06244.1	98.442	321	5	0	57	377	1	321	0.0	665
TRINITY_DN692_c0_g1_i1.p1	WSP06238.1	98.442	321	5	0	57	377	1	321	0.0	665
TRINITY_DN692_c0_g1_i1.p1	WSP06241.1	97.819	321	7	0	57	377	1	321	0.0	664
TRINITY_DN692_c0_g1_i1.p1	UIX26077.1	96.885	321	10	0	57	377	1	321	0.0	655
TRINITY_DN692_c0_g1_i1.p1	QLD98948.1	91.589	321	27	0	57	377	1	321	0.0	632
TRINITY_DN692_c0_g1_i1.p1	TGO48821.1	65.789	228	78	0	143	370	80	307	5.22e-111	338
TRINITY_DN692_c0_g1_i1.p1	TGO07077.1	59.336	241	91	3	1	238	1	237	3.07e-96	298
TRINITY_DN692_c0_g1_i1.p1	MCJ1348934.1	43.323	337	171	5	20	344	5	333	1.66e-87	279
TRINITY_DN692_c0_g1_i1.p1	KAA6415972.1	43.678	348	182	8	36	377	28	367	9.04e-87	279
TRINITY_DN692_c0_g1_i1.p1	YP_010839948.1	42.517	294	164	4	76	368	2	291	2.79e-72	238
TRINITY_DN692_c0_g1_i1.p1	YP_009388638.2	42.857	322	170	9	49	367	3	313	2.43e-71	237
TRINITY_DN692_c0_g1_i1.p1	QVW56528.2	41.486	323	174	8	48	365	22	334	1.27e-69	233
TRINITY_DN692_c0_g1_i1.p1	QTE03605.2	41.566	332	167	12	48	367	3	319	7.57e-69	231
TRINITY_DN692_c0_g1_i1.p1	WZK92891.1	38.663	344	185	6	48	369	4	343	9.81e-69	231
TRINITY_DN692_c0_g1_i1.p1	QVW56500.2	40.810	321	179	7	48	365	11	323	3.47e-67	227
TRINITY_DN692_c0_g1_i1.p1	QJB18714.1	42.056	321	167	9	49	364	3	309	8.29e-67	225
TRINITY_DN692_c0_g1_i1.p1	QXN75685.1	40.549	328	176	9	46	367	3	317	1.33e-66	224
TRINITY_DN692_c0_g1_i1.p1	QVW56492.2	40.498	321	182	8	48	365	11	325	1.80e-66	224
TRINITY_DN692_c0_g1_i1.p1	QVW56436.2	36.585	328	197	6	48	368	22	345	2.64e-66	225
TRINITY_DN692_c0_g1_i1.p1	YP_010798207.1	42.991	321	164	10	49	364	3	309	3.29e-66	224
TRINITY_DN692_c0_g1_i1.p1	QSX73070.1	41.304	322	171	9	49	365	3	311	3.70e-66	223
TRINITY_DN692_c0_g1_i1.p1	QXN75623.1	38.720	328	184	9	47	369	3	318	4.28e-66	223
TRINITY_DN692_c0_g1_i1.p1	WZK92889.1	39.118	340	182	9	49	369	3	336	4.39e-66	224
TRINITY_DN692_c0_g1_i1.p1	YP_009252371.1	38.720	328	184	9	47	369	3	318	9.71e-66	223
TRINITY_DN692_c0_g1_i1.p1	QXN75537.1	39.697	330	176	10	46	367	3	317	1.32e-65	222
TRINITY_DN692_c0_g1_i1.p1	QXN75629.1	39.634	328	179	10	48	369	4	318	2.42e-65	221
TRINITY_DN692_c0_g1_i1.p1	QVW56502.1	40.683	322	180	10	48	365	11	325	3.70e-65	221
TRINITY_DN692_c0_g1_i1.p1	QNI80853.1	41.121	321	171	9	49	364	3	310	3.94e-65	221
TRINITY_DN692_c0_g1_i1.p1	UBJ26187.1	40.373	322	181	10	48	365	11	325	4.35e-65	221
TRINITY_DN692_c0_g1_i1.p1	UBJ26161.1	40.373	322	181	10	48	365	11	325	4.89e-65	221
TRINITY_DN692_c0_g1_i1.p1	XBS25540.1	40.764	314	166	8	69	367	4	312	7.24e-65	220
TRINITY_DN692_c0_g1_i1.p1	YP_009021860.1	40.000	320	177	8	49	365	3	310	7.38e-65	220
TRINITY_DN692_c0_g1_i1.p1	YP_010798079.1	39.118	340	182	9	49	369	3	336	7.49e-65	221
TRINITY_DN692_c0_g1_i1.p1	QJB18652.1	39.634	328	179	9	46	367	3	317	7.68e-65	220
